SUMMARY OF C0NVERGENCE INFORMATION
  STEP   INC  ATT   ITER     CONT.   RESID.        CORR.      RESID.      CORR.
                              EL.    FORCE         DISP       FLUX        TEMP.
                              (#)     (%)           (%)        (%)         (%)
     1     1     1     1        0  0.1188E+02  0.1000E+03  0.0000E+00  0.0000E+00
     1     1     1     2        0  0.0000E+00  0.1236E-01  0.0000E+00  0.0000E+00
     1     2     1     1        0  0.1590E-06  0.2893E-01  0.0000E+00  0.0000E+00
     1     2     1     2        0  0.4709E-06  0.1353E+00  0.0000E+00  0.0000E+00
     1     3     1     1        0  0.1238E-06  0.3349E-01  0.0000E+00  0.0000E+00
     1     3     1     2        0  0.1655E-06  0.8719E-01  0.0000E+00  0.0000E+00
     1     4     1     1        0  0.0000E+00  0.2099E-01  0.0000E+00  0.0000E+00
     1     4     1     2        0  0.0000E+00  0.3508E-01  0.0000E+00  0.0000E+00
     1     5     1     1        0  0.0000E+00  0.5705E-02  0.0000E+00  0.0000E+00
     1     5     1     2        0  0.0000E+00  0.4954E-02  0.0000E+00  0.0000E+00
     1     6     1     1        0  0.6551E-07  0.2150E-01  0.0000E+00  0.0000E+00
     1     6     1     2        0  0.0000E+00  0.2543E-01  0.0000E+00  0.0000E+00
     1     7     1     1        0  0.6152E-07  0.2562E-01  0.0000E+00  0.0000E+00
     1     7     1     2        0  0.0000E+00  0.2756E-01  0.0000E+00  0.0000E+00
     1     8     1     1        0  0.5235E-07  0.1911E-01  0.0000E+00  0.0000E+00
     1     8     1     2        0  0.0000E+00  0.1830E-01  0.0000E+00  0.0000E+00
     1     9     1     1        0  0.0000E+00  0.7955E-02  0.0000E+00  0.0000E+00
     1     9     1     2        0  0.0000E+00  0.5792E-02  0.0000E+00  0.0000E+00
     1    10     1     1        0  0.0000E+00  0.7999E-02  0.0000E+00  0.0000E+00
     1    10     1     2        0  0.0000E+00  0.3933E-02  0.0000E+00  0.0000E+00
